[
  {
    "line": 1,
    "elements": [
      {
        "start_timestamp": "2021-06-03T02:23:23.900Z",
        "line": 4,
        "name": "Search for a Vegitable and validate the result",
        "description": "",
        "id": "search-and-order-for-a-vegitable;search-for-a-vegitable-and-validate-the-result",
        "after": [
          {
            "result": {
              "duration": 62244500,
              "status": "passed"
            },
            "match": {
              "location": "StepDefination.Hooks.afterselenium()"
            }
          }
        ],
        "type": "scenario",
        "keyword": "Scenario",
        "steps": [
          {
            "result": {
              "duration": 2451189800,
              "status": "passed"
            },
            "line": 5,
            "name": "User is on GreenKart Landing page",
            "match": {
              "location": "StepDefination.MyStepDefination.user_is_on_green_kart_landing_page()"
            },
            "keyword": "Given "
          },
          {
            "result": {
              "error_message": "io.cucumber.core.exception.CucumberException: Step [User search for (.+) vegitable] is defined with 1 parameters at \u0027StepDefination.MyStepDefination.user_search_for_vegitable(java.lang.String)\u0027.\nHowever, the gherkin step has 0 arguments.\nStep text: User search for Cucumber vegitable\r\n\tat io.cucumber.core.runner.PickleStepDefinitionMatch.arityMismatch(PickleStepDefinitionMatch.java:83)\r\n\tat io.cucumber.core.runner.PickleStepDefinitionMatch.runStep(PickleStepDefinitionMatch.java:42)\r\n\tat io.cucumber.core.runner.ExecutionMode$1.execute(ExecutionMode.java:10)\r\n\tat io.cucumber.core.runner.TestStep.executeStep(TestStep.java:92)\r\n\tat io.cucumber.core.runner.TestStep.run(TestStep.java:64)\r\n\tat io.cucumber.core.runner.PickleStepTestStep.run(PickleStepTestStep.java:51)\r\n\tat io.cucumber.core.runner.TestCase.run(TestCase.java:104)\r\n\tat io.cucumber.core.runner.Runner.runPickle(Runner.java:73)\r\n\tat io.cucumber.junit.PickleRunners$WithStepDescriptions.run(PickleRunners.java:110)\r\n\tat io.cucumber.junit.FeatureRunner.runChild(FeatureRunner.java:135)\r\n\tat io.cucumber.junit.FeatureRunner.runChild(FeatureRunner.java:27)\r\n\tat org.junit.runners.ParentRunner$3.run(ParentRunner.java:238)\r\n\tat org.junit.runners.ParentRunner$1.schedule(ParentRunner.java:63)\r\n\tat org.junit.runners.ParentRunner.runChildren(ParentRunner.java:236)\r\n\tat org.junit.runners.ParentRunner.access$000(ParentRunner.java:53)\r\n\tat org.junit.runners.ParentRunner$2.evaluate(ParentRunner.java:229)\r\n\tat org.junit.runners.ParentRunner.run(ParentRunner.java:309)\r\n\tat io.cucumber.junit.Cucumber.runChild(Cucumber.java:200)\r\n\tat io.cucumber.junit.Cucumber.runChild(Cucumber.java:90)\r\n\tat org.junit.runners.ParentRunner$3.run(ParentRunner.java:238)\r\n\tat org.junit.runners.ParentRunner$1.schedule(ParentRunner.java:63)\r\n\tat org.junit.runners.ParentRunner.runChildren(ParentRunner.java:236)\r\n\tat org.junit.runners.ParentRunner.access$000(ParentRunner.java:53)\r\n\tat org.junit.runners.ParentRunner$2.evaluate(ParentRunner.java:229)\r\n\tat io.cucumber.junit.Cucumber$RunCucumber.evaluate(Cucumber.java:235)\r\n\tat org.junit.runners.ParentRunner.run(ParentRunner.java:309)\r\n\tat org.eclipse.jdt.internal.junit4.runner.JUnit4TestReference.run(JUnit4TestReference.java:89)\r\n\tat org.eclipse.jdt.internal.junit.runner.TestExecution.run(TestExecution.java:40)\r\n\tat org.eclipse.jdt.internal.junit.runner.RemoteTestRunner.runTests(RemoteTestRunner.java:541)\r\n\tat org.eclipse.jdt.internal.junit.runner.RemoteTestRunner.runTests(RemoteTestRunner.java:768)\r\n\tat org.eclipse.jdt.internal.junit.runner.RemoteTestRunner.run(RemoteTestRunner.java:464)\r\n\tat org.eclipse.jdt.internal.junit.runner.RemoteTestRunner.main(RemoteTestRunner.java:210)\r\n",
              "duration": 1993400,
              "status": "failed"
            },
            "line": 6,
            "name": "User search for Cucumber vegitable",
            "match": {
              "location": "StepDefination.MyStepDefination.user_search_for_vegitable(java.lang.String)"
            },
            "keyword": "When "
          },
          {
            "result": {
              "duration": 1011800,
              "status": "skipped"
            },
            "line": 7,
            "name": "\"Cucumber\" Result is displayed",
            "match": {
              "arguments": [
                {
                  "val": "\"Cucumber\"",
                  "offset": 0
                }
              ],
              "location": "StepDefination.MyStepDefination.result_is_displayed(java.lang.String)"
            },
            "keyword": "Then "
          }
        ],
        "tags": [
          {
            "name": "@SeleniumTest"
          }
        ]
      },
      {
        "start_timestamp": "2021-06-03T02:23:26.503Z",
        "line": 19,
        "name": "Search for a Vegitable and validate the result",
        "description": "",
        "id": "search-and-order-for-a-vegitable;search-for-a-vegitable-and-validate-the-result;;2",
        "after": [
          {
            "result": {
              "duration": 51112100,
              "status": "passed"
            },
            "match": {
              "location": "StepDefination.Hooks.afterselenium()"
            }
          }
        ],
        "type": "scenario",
        "keyword": "Scenario Outline",
        "steps": [
          {
            "result": {
              "duration": 2319034000,
              "status": "passed"
            },
            "line": 11,
            "name": "User is on GreenKart Landing page",
            "match": {
              "location": "StepDefination.MyStepDefination.user_is_on_green_kart_landing_page()"
            },
            "keyword": "Given "
          },
          {
            "result": {
              "error_message": "io.cucumber.core.exception.CucumberException: Step [User search for (.+) vegitable] is defined with 1 parameters at \u0027StepDefination.MyStepDefination.user_search_for_vegitable(java.lang.String)\u0027.\nHowever, the gherkin step has 0 arguments.\nStep text: User search for Brinjal vegitable\r\n\tat io.cucumber.core.runner.PickleStepDefinitionMatch.arityMismatch(PickleStepDefinitionMatch.java:83)\r\n\tat io.cucumber.core.runner.PickleStepDefinitionMatch.runStep(PickleStepDefinitionMatch.java:42)\r\n\tat io.cucumber.core.runner.ExecutionMode$1.execute(ExecutionMode.java:10)\r\n\tat io.cucumber.core.runner.TestStep.executeStep(TestStep.java:92)\r\n\tat io.cucumber.core.runner.TestStep.run(TestStep.java:64)\r\n\tat io.cucumber.core.runner.PickleStepTestStep.run(PickleStepTestStep.java:51)\r\n\tat io.cucumber.core.runner.TestCase.run(TestCase.java:104)\r\n\tat io.cucumber.core.runner.Runner.runPickle(Runner.java:73)\r\n\tat io.cucumber.junit.PickleRunners$WithStepDescriptions.run(PickleRunners.java:110)\r\n\tat io.cucumber.junit.FeatureRunner.runChild(FeatureRunner.java:135)\r\n\tat io.cucumber.junit.FeatureRunner.runChild(FeatureRunner.java:27)\r\n\tat org.junit.runners.ParentRunner$3.run(ParentRunner.java:238)\r\n\tat org.junit.runners.ParentRunner$1.schedule(ParentRunner.java:63)\r\n\tat org.junit.runners.ParentRunner.runChildren(ParentRunner.java:236)\r\n\tat org.junit.runners.ParentRunner.access$000(ParentRunner.java:53)\r\n\tat org.junit.runners.ParentRunner$2.evaluate(ParentRunner.java:229)\r\n\tat org.junit.runners.ParentRunner.run(ParentRunner.java:309)\r\n\tat io.cucumber.junit.Cucumber.runChild(Cucumber.java:200)\r\n\tat io.cucumber.junit.Cucumber.runChild(Cucumber.java:90)\r\n\tat org.junit.runners.ParentRunner$3.run(ParentRunner.java:238)\r\n\tat org.junit.runners.ParentRunner$1.schedule(ParentRunner.java:63)\r\n\tat org.junit.runners.ParentRunner.runChildren(ParentRunner.java:236)\r\n\tat org.junit.runners.ParentRunner.access$000(ParentRunner.java:53)\r\n\tat org.junit.runners.ParentRunner$2.evaluate(ParentRunner.java:229)\r\n\tat io.cucumber.junit.Cucumber$RunCucumber.evaluate(Cucumber.java:235)\r\n\tat org.junit.runners.ParentRunner.run(ParentRunner.java:309)\r\n\tat org.eclipse.jdt.internal.junit4.runner.JUnit4TestReference.run(JUnit4TestReference.java:89)\r\n\tat org.eclipse.jdt.internal.junit.runner.TestExecution.run(TestExecution.java:40)\r\n\tat org.eclipse.jdt.internal.junit.runner.RemoteTestRunner.runTests(RemoteTestRunner.java:541)\r\n\tat org.eclipse.jdt.internal.junit.runner.RemoteTestRunner.runTests(RemoteTestRunner.java:768)\r\n\tat org.eclipse.jdt.internal.junit.runner.RemoteTestRunner.run(RemoteTestRunner.java:464)\r\n\tat org.eclipse.jdt.internal.junit.runner.RemoteTestRunner.main(RemoteTestRunner.java:210)\r\n",
              "status": "failed"
            },
            "line": 12,
            "name": "User search for Brinjal vegitable",
            "match": {
              "location": "StepDefination.MyStepDefination.user_search_for_vegitable(java.lang.String)"
            },
            "keyword": "When "
          },
          {
            "result": {
              "duration": 996300,
              "status": "skipped"
            },
            "line": 13,
            "name": "added item to cart",
            "match": {
              "location": "StepDefination.MyStepDefination.added_item_to_cart()"
            },
            "keyword": "And "
          },
          {
            "result": {
              "status": "skipped"
            },
            "line": 14,
            "name": "user proceed to checkout",
            "match": {
              "location": "StepDefination.MyStepDefination.user_proceed_to_checkout()"
            },
            "keyword": "And "
          },
          {
            "result": {
              "status": "skipped"
            },
            "line": 15,
            "name": "Brinjal Result is added to checkout page",
            "match": {
              "arguments": [
                {
                  "val": "Brinjal",
                  "offset": 0
                }
              ],
              "location": "StepDefination.MyStepDefination.result_is_added_to_checkout_page(java.lang.String)"
            },
            "keyword": "Then "
          }
        ],
        "tags": [
          {
            "name": "@SeleniumTest"
          }
        ]
      },
      {
        "start_timestamp": "2021-06-03T02:23:28.883Z",
        "line": 20,
        "name": "Search for a Vegitable and validate the result",
        "description": "",
        "id": "search-and-order-for-a-vegitable;search-for-a-vegitable-and-validate-the-result;;3",
        "after": [
          {
            "result": {
              "duration": 54241200,
              "status": "passed"
            },
            "match": {
              "location": "StepDefination.Hooks.afterselenium()"
            }
          }
        ],
        "type": "scenario",
        "keyword": "Scenario Outline",
        "steps": [
          {
            "result": {
              "duration": 1983459100,
              "status": "passed"
            },
            "line": 11,
            "name": "User is on GreenKart Landing page",
            "match": {
              "location": "StepDefination.MyStepDefination.user_is_on_green_kart_landing_page()"
            },
            "keyword": "Given "
          },
          {
            "result": {
              "error_message": "io.cucumber.core.exception.CucumberException: Step [User search for (.+) vegitable] is defined with 1 parameters at \u0027StepDefination.MyStepDefination.user_search_for_vegitable(java.lang.String)\u0027.\nHowever, the gherkin step has 0 arguments.\nStep text: User search for Cucumber vegitable\r\n\tat io.cucumber.core.runner.PickleStepDefinitionMatch.arityMismatch(PickleStepDefinitionMatch.java:83)\r\n\tat io.cucumber.core.runner.PickleStepDefinitionMatch.runStep(PickleStepDefinitionMatch.java:42)\r\n\tat io.cucumber.core.runner.ExecutionMode$1.execute(ExecutionMode.java:10)\r\n\tat io.cucumber.core.runner.TestStep.executeStep(TestStep.java:92)\r\n\tat io.cucumber.core.runner.TestStep.run(TestStep.java:64)\r\n\tat io.cucumber.core.runner.PickleStepTestStep.run(PickleStepTestStep.java:51)\r\n\tat io.cucumber.core.runner.TestCase.run(TestCase.java:104)\r\n\tat io.cucumber.core.runner.Runner.runPickle(Runner.java:73)\r\n\tat io.cucumber.junit.PickleRunners$WithStepDescriptions.run(PickleRunners.java:110)\r\n\tat io.cucumber.junit.FeatureRunner.runChild(FeatureRunner.java:135)\r\n\tat io.cucumber.junit.FeatureRunner.runChild(FeatureRunner.java:27)\r\n\tat org.junit.runners.ParentRunner$3.run(ParentRunner.java:238)\r\n\tat org.junit.runners.ParentRunner$1.schedule(ParentRunner.java:63)\r\n\tat org.junit.runners.ParentRunner.runChildren(ParentRunner.java:236)\r\n\tat org.junit.runners.ParentRunner.access$000(ParentRunner.java:53)\r\n\tat org.junit.runners.ParentRunner$2.evaluate(ParentRunner.java:229)\r\n\tat org.junit.runners.ParentRunner.run(ParentRunner.java:309)\r\n\tat io.cucumber.junit.Cucumber.runChild(Cucumber.java:200)\r\n\tat io.cucumber.junit.Cucumber.runChild(Cucumber.java:90)\r\n\tat org.junit.runners.ParentRunner$3.run(ParentRunner.java:238)\r\n\tat org.junit.runners.ParentRunner$1.schedule(ParentRunner.java:63)\r\n\tat org.junit.runners.ParentRunner.runChildren(ParentRunner.java:236)\r\n\tat org.junit.runners.ParentRunner.access$000(ParentRunner.java:53)\r\n\tat org.junit.runners.ParentRunner$2.evaluate(ParentRunner.java:229)\r\n\tat io.cucumber.junit.Cucumber$RunCucumber.evaluate(Cucumber.java:235)\r\n\tat org.junit.runners.ParentRunner.run(ParentRunner.java:309)\r\n\tat org.eclipse.jdt.internal.junit4.runner.JUnit4TestReference.run(JUnit4TestReference.java:89)\r\n\tat org.eclipse.jdt.internal.junit.runner.TestExecution.run(TestExecution.java:40)\r\n\tat org.eclipse.jdt.internal.junit.runner.RemoteTestRunner.runTests(RemoteTestRunner.java:541)\r\n\tat org.eclipse.jdt.internal.junit.runner.RemoteTestRunner.runTests(RemoteTestRunner.java:768)\r\n\tat org.eclipse.jdt.internal.junit.runner.RemoteTestRunner.run(RemoteTestRunner.java:464)\r\n\tat org.eclipse.jdt.internal.junit.runner.RemoteTestRunner.main(RemoteTestRunner.java:210)\r\n",
              "status": "failed"
            },
            "line": 12,
            "name": "User search for Cucumber vegitable",
            "match": {
              "location": "StepDefination.MyStepDefination.user_search_for_vegitable(java.lang.String)"
            },
            "keyword": "When "
          },
          {
            "result": {
              "status": "skipped"
            },
            "line": 13,
            "name": "added item to cart",
            "match": {
              "location": "StepDefination.MyStepDefination.added_item_to_cart()"
            },
            "keyword": "And "
          },
          {
            "result": {
              "status": "skipped"
            },
            "line": 14,
            "name": "user proceed to checkout",
            "match": {
              "location": "StepDefination.MyStepDefination.user_proceed_to_checkout()"
            },
            "keyword": "And "
          },
          {
            "result": {
              "status": "skipped"
            },
            "line": 15,
            "name": "Cucumber Result is added to checkout page",
            "match": {
              "arguments": [
                {
                  "val": "Cucumber",
                  "offset": 0
                }
              ],
              "location": "StepDefination.MyStepDefination.result_is_added_to_checkout_page(java.lang.String)"
            },
            "keyword": "Then "
          }
        ],
        "tags": [
          {
            "name": "@SeleniumTest"
          }
        ]
      }
    ],
    "name": "Search and order for a Vegitable",
    "description": "",
    "id": "search-and-order-for-a-vegitable",
    "keyword": "Feature",
    "uri": "file:src/test/java/features/Search.feature",
    "tags": []
  }
]